<?xml version="1.0" encoding="UTF-8"?>
<testng-results skipped="2" failed="0" total="2" passed="0">
  <reporter-output>
  </reporter-output>
  <suite name="Suite" duration-ms="72" started-at="2019-12-29T14:09:19Z" finished-at="2019-12-29T14:09:19Z">
    <groups>
    </groups>
    <test name="Test_chrome" duration-ms="71" started-at="2019-12-29T14:09:19Z" finished-at="2019-12-29T14:09:19Z">
      <class name="Test_Scripts.Parallel_execution">
        <test-method status="SKIP" signature="parallel(java.lang.String)[pri:0, instance:Test_Scripts.Parallel_execution@39aeed2f]" name="parallel" duration-ms="0" started-at="2019-12-29T19:39:19Z" finished-at="2019-12-29T19:39:19Z">
          <exception class="org.testng.TestNGException">
            <message>
              <![CDATA[
Parameter 'brow' is required by @Test on method parallel but has not been marked @Optional or defined
in D:\MySpace\PropertyFile\testng.xml]]>
            </message>
            <full-stacktrace>
              <![CDATA[org.testng.TestNGException: 
Parameter 'brow' is required by @Test on method parallel but has not been marked @Optional or defined
in D:\MySpace\PropertyFile\testng.xml
	at org.testng.internal.Parameters.createParameters(Parameters.java:156)
	at org.testng.internal.Parameters.createParameters(Parameters.java:363)
	at org.testng.internal.Parameters.handleParameters(Parameters.java:488)
	at org.testng.internal.Invoker.handleParameters(Invoker.java:1240)
	at org.testng.internal.Invoker.createParameters(Invoker.java:980)
	at org.testng.internal.Invoker.invokeTestMethods(Invoker.java:1070)
	at org.testng.internal.TestMethodWorker.invokeTestMethods(TestMethodWorker.java:129)
	at org.testng.internal.TestMethodWorker.run(TestMethodWorker.java:112)
	at org.testng.TestRunner.privateRun(TestRunner.java:746)
	at org.testng.TestRunner.run(TestRunner.java:600)
	at org.testng.SuiteRunner.runTest(SuiteRunner.java:366)
	at org.testng.SuiteRunner.access$000(SuiteRunner.java:39)
	at org.testng.SuiteRunner$SuiteWorker.run(SuiteRunner.java:400)
	at org.testng.internal.thread.ThreadUtil$2.call(ThreadUtil.java:64)
	at java.util.concurrent.FutureTask.run(Unknown Source)
	at java.util.concurrent.ThreadPoolExecutor.runWorker(Unknown Source)
	at java.util.concurrent.ThreadPoolExecutor$Worker.run(Unknown Source)
	at java.lang.Thread.run(Unknown Source)
]]>
            </full-stacktrace>
          </exception> <!-- org.testng.TestNGException -->
          <reporter-output>
          </reporter-output>
        </test-method> <!-- parallel -->
      </class> <!-- Test_Scripts.Parallel_execution -->
    </test> <!-- Test_chrome -->
    <test name="Test_fire" duration-ms="66" started-at="2019-12-29T14:09:19Z" finished-at="2019-12-29T14:09:19Z">
      <class name="Test_Scripts.Parallel_execution">
        <test-method status="SKIP" signature="parallel(java.lang.String)[pri:0, instance:Test_Scripts.Parallel_execution@7f9a81e8]" name="parallel" duration-ms="0" started-at="2019-12-29T19:39:19Z" finished-at="2019-12-29T19:39:19Z">
          <exception class="org.testng.TestNGException">
            <message>
              <![CDATA[
Parameter 'brow' is required by @Test on method parallel but has not been marked @Optional or defined
in D:\MySpace\PropertyFile\testng.xml]]>
            </message>
            <full-stacktrace>
              <![CDATA[org.testng.TestNGException: 
Parameter 'brow' is required by @Test on method parallel but has not been marked @Optional or defined
in D:\MySpace\PropertyFile\testng.xml
	at org.testng.internal.Parameters.createParameters(Parameters.java:156)
	at org.testng.internal.Parameters.createParameters(Parameters.java:363)
	at org.testng.internal.Parameters.handleParameters(Parameters.java:488)
	at org.testng.internal.Invoker.handleParameters(Invoker.java:1240)
	at org.testng.internal.Invoker.createParameters(Invoker.java:980)
	at org.testng.internal.Invoker.invokeTestMethods(Invoker.java:1070)
	at org.testng.internal.TestMethodWorker.invokeTestMethods(TestMethodWorker.java:129)
	at org.testng.internal.TestMethodWorker.run(TestMethodWorker.java:112)
	at org.testng.TestRunner.privateRun(TestRunner.java:746)
	at org.testng.TestRunner.run(TestRunner.java:600)
	at org.testng.SuiteRunner.runTest(SuiteRunner.java:366)
	at org.testng.SuiteRunner.access$000(SuiteRunner.java:39)
	at org.testng.SuiteRunner$SuiteWorker.run(SuiteRunner.java:400)
	at org.testng.internal.thread.ThreadUtil$2.call(ThreadUtil.java:64)
	at java.util.concurrent.FutureTask.run(Unknown Source)
	at java.util.concurrent.ThreadPoolExecutor.runWorker(Unknown Source)
	at java.util.concurrent.ThreadPoolExecutor$Worker.run(Unknown Source)
	at java.lang.Thread.run(Unknown Source)
]]>
            </full-stacktrace>
          </exception> <!-- org.testng.TestNGException -->
          <reporter-output>
          </reporter-output>
        </test-method> <!-- parallel -->
      </class> <!-- Test_Scripts.Parallel_execution -->
    </test> <!-- Test_fire -->
  </suite> <!-- Suite -->
</testng-results>
